{"meta": {"version": "5.0.4", "timestamp": "2020-03-24T03:05:24.969350", "branch_coverage": true, "show_contexts": false}, "files": {"meavis/__init__.py": {"executed_lines": [1, 3, 6, 8, 9, 10, 12, 13, 14, 15, 18, 20], "summary": {"covered_lines": 11, "num_statements": 11, "percent_covered": 100.0, "missing_lines": 0, "excluded_lines": 0, "num_branches": 0, "num_partial_branches": 0}, "missing_lines": [], "excluded_lines": []}}, "totals": {"covered_lines": 11, "num_statements": 11, "percent_covered": 100.0, "missing_lines": 0, "excluded_lines": 0, "num_branches": 0, "num_partial_branches": 0}}